mode: set
golang/examples/codepractice/MapsExample.go:16.26,25.31 8 0
golang/examples/codepractice/MapsExample.go:29.2,29.55 1 0
golang/examples/codepractice/MapsExample.go:25.31,28.3 2 0
golang/examples/codepractice/MapsExample.go:32.21,40.32 2 0
golang/examples/codepractice/MapsExample.go:45.2,45.37 1 0
golang/examples/codepractice/MapsExample.go:40.32,43.3 2 0
golang/examples/codepractice/MapsExample.go:45.37,47.3 1 0
golang/examples/codepractice/StructsExample.go:19.25,28.33 4 0
golang/examples/codepractice/StructsExample.go:32.2,53.16 9 0
golang/examples/codepractice/StructsExample.go:28.33,30.3 1 0
golang/examples/codepractice/StructsExample.go:57.25,72.32 6 0
golang/examples/codepractice/StructsExample.go:75.2,75.19 1 0
golang/examples/codepractice/StructsExample.go:72.32,74.3 1 0
golang/examples/codepractice/StructsExample.go:78.24,98.2 3 0
golang/examples/codepractice/StructsWithMethods.go:7.34,10.2 2 0
golang/examples/codepractice/StructsWithMethods.go:12.30,15.36 3 0
golang/examples/codepractice/StructsWithMethods.go:18.2,18.15 1 0
golang/examples/codepractice/StructsWithMethods.go:15.36,17.3 1 0
golang/examples/codepractice/StructsWithMethods.go:21.24,34.2 4 0
golang/examples/codepractice/custom_error_ex.go:9.33,11.2 1 0
golang/examples/codepractice/custom_error_ex.go:13.37,14.11 1 1
golang/examples/codepractice/custom_error_ex.go:14.11,16.3 1 1
golang/examples/codepractice/custom_error_ex.go:16.8,18.3 1 1
golang/examples/codepractice/custom_error_ex.go:21.30,23.16 2 0
golang/examples/codepractice/custom_error_ex.go:26.2,27.44 2 0
golang/examples/codepractice/custom_error_ex.go:23.16,25.3 1 0
golang/examples/codepractice/go_routines_channels_ex.go:12.26,25.2 8 0
golang/examples/codepractice/go_routines_channels_ex.go:27.13,28.26 1 0
golang/examples/codepractice/go_routines_channels_ex.go:32.2,32.11 1 0
golang/examples/codepractice/go_routines_channels_ex.go:28.26,30.3 1 0
golang/examples/codepractice/go_routines_channels_ex.go:34.13,35.26 1 0
golang/examples/codepractice/go_routines_channels_ex.go:38.2,38.11 1 0
golang/examples/codepractice/go_routines_channels_ex.go:35.26,37.3 1 0
golang/examples/codepractice/go_routines_channels_ex.go:41.20,46.12 3 0
golang/examples/codepractice/go_routines_channels_ex.go:56.2,56.12 1 0
golang/examples/codepractice/go_routines_channels_ex.go:63.2,63.11 1 0
golang/examples/codepractice/go_routines_channels_ex.go:46.12,54.3 5 0
golang/examples/codepractice/go_routines_channels_ex.go:56.12,62.3 4 0
golang/examples/codepractice/go_routines_channels_ex.go:66.30,77.2 4 0
golang/examples/codepractice/recursionExample.go:3.27,4.12 1 0
golang/examples/codepractice/recursionExample.go:7.2,7.27 1 0
golang/examples/codepractice/recursionExample.go:4.12,6.3 1 0
golang/examples/codepractice/CommandLineArgsExample.go:10.24,13.23 1 0
golang/examples/codepractice/CommandLineArgsExample.go:17.2,21.90 5 0
golang/examples/codepractice/CommandLineArgsExample.go:13.23,15.3 1 0
golang/examples/codepractice/CommandLineArgsExample.go:26.18,39.13 7 0
golang/examples/codepractice/CommandLineArgsExample.go:42.2,42.43 1 0
golang/examples/codepractice/CommandLineArgsExample.go:39.13,41.3 1 0
golang/examples/codepractice/CommandLineArgsExample.go:48.20,56.20 6 0
golang/examples/codepractice/CommandLineArgsExample.go:57.17,60.55 3 0
golang/examples/codepractice/CommandLineArgsExample.go:63.3,63.34 1 0
golang/examples/codepractice/CommandLineArgsExample.go:64.16,66.37 2 0
golang/examples/codepractice/CommandLineArgsExample.go:69.10,70.65 1 0
golang/examples/codepractice/CommandLineArgsExample.go:60.55,62.4 1 0
golang/examples/codepractice/CommandLineArgsExample.go:66.37,68.4 1 0
golang/examples/codepractice/InterfaceExample.go:12.29,15.2 2 0
golang/examples/codepractice/InterfaceExample.go:17.23,18.18 1 0
golang/examples/codepractice/InterfaceExample.go:19.14,21.14 2 0
golang/examples/codepractice/InterfaceExample.go:22.18,24.14 2 0
golang/examples/codepractice/InterfaceExample.go:25.10,26.49 1 0
golang/examples/codepractice/InterfaceExample.go:31.22,51.2 4 0
golang/examples/codepractice/unidir_channel_example.go:8.26,18.2 4 0
golang/examples/codepractice/unidir_channel_example.go:21.25,24.2 2 0
golang/examples/codepractice/unidir_channel_example.go:27.25,29.2 1 0
golang/examples/codepractice/unidir_channel_example.go:31.25,34.12 2 0
golang/examples/codepractice/unidir_channel_example.go:44.2,44.22 1 0
golang/examples/codepractice/unidir_channel_example.go:34.12,35.27 1 0
golang/examples/codepractice/unidir_channel_example.go:40.3,40.12 1 0
golang/examples/codepractice/unidir_channel_example.go:35.27,38.4 2 0
golang/examples/codepractice/unidir_channel_example.go:44.22,46.3 1 0
golang/examples/codepractice/fan_out_example.go:10.19,17.22 5 0
golang/examples/codepractice/fan_out_example.go:21.2,21.42 1 0
golang/examples/codepractice/fan_out_example.go:17.22,19.3 1 0
golang/examples/codepractice/fan_out_example.go:24.29,25.27 1 0
golang/examples/codepractice/fan_out_example.go:28.2,28.10 1 0
golang/examples/codepractice/fan_out_example.go:25.27,27.3 1 0
golang/examples/codepractice/fan_out_example.go:31.30,34.20 2 0
golang/examples/codepractice/fan_out_example.go:41.2,42.11 2 0
golang/examples/codepractice/fan_out_example.go:34.20,36.19 2 0
golang/examples/codepractice/fan_out_example.go:36.19,39.4 2 0
golang/examples/codepractice/fan_out_example.go:45.33,48.2 2 0
golang/examples/codepractice/select_channel_ex.go:5.26,15.2 6 0
golang/examples/codepractice/select_channel_ex.go:17.31,18.26 1 0
golang/examples/codepractice/select_channel_ex.go:25.2,25.8 1 0
golang/examples/codepractice/select_channel_ex.go:18.26,19.15 1 0
golang/examples/codepractice/select_channel_ex.go:19.15,21.4 1 0
golang/examples/codepractice/select_channel_ex.go:21.9,23.4 1 0
golang/examples/codepractice/select_channel_ex.go:28.34,29.6 1 0
golang/examples/codepractice/select_channel_ex.go:29.6,30.10 1 0
golang/examples/codepractice/select_channel_ex.go:31.17,32.44 1 0
golang/examples/codepractice/select_channel_ex.go:33.17,34.43 1 0
golang/examples/codepractice/select_channel_ex.go:35.17,37.10 2 0
golang/examples/codepractice/ErrorHandling.go:11.51,12.15 1 0
golang/examples/codepractice/ErrorHandling.go:15.2,15.25 1 0
golang/examples/codepractice/ErrorHandling.go:12.15,14.3 1 0
golang/examples/codepractice/ErrorHandling.go:20.51,21.15 1 0
golang/examples/codepractice/ErrorHandling.go:24.2,24.25 1 0
golang/examples/codepractice/ErrorHandling.go:21.15,23.3 1 0
golang/examples/codepractice/ErrorHandling.go:28.38,29.53 1 0
golang/examples/codepractice/ErrorHandling.go:33.2,33.12 1 0
golang/examples/codepractice/ErrorHandling.go:29.53,31.3 1 0
golang/examples/codepractice/ErrorHandling.go:36.18,39.16 2 0
golang/examples/codepractice/ErrorHandling.go:39.16,44.3 3 0
golang/examples/codepractice/ErrorHandling.go:47.28,55.2 3 0
golang/examples/codepractice/VarArgsFunExample.go:5.23,14.2 6 0
golang/examples/codepractice/VarArgsFunExample.go:25.34,27.26 2 0
golang/examples/codepractice/VarArgsFunExample.go:30.2,30.8 1 0
golang/examples/codepractice/VarArgsFunExample.go:27.26,29.3 1 0
golang/examples/codepractice/VarArgsFunExample.go:34.62,37.26 3 0
golang/examples/codepractice/VarArgsFunExample.go:42.2,42.8 1 0
golang/examples/codepractice/VarArgsFunExample.go:37.26,40.3 2 0
golang/examples/codepractice/exercise.go:17.17,34.2 12 0
golang/examples/codepractice/fan_in_example2.go:10.20,12.26 2 0
golang/examples/codepractice/fan_in_example2.go:15.2,15.49 1 0
golang/examples/codepractice/fan_in_example2.go:12.26,14.3 1 0
golang/examples/codepractice/fan_in_example2.go:18.39,20.12 2 0
golang/examples/codepractice/fan_in_example2.go:26.2,26.10 1 0
golang/examples/codepractice/fan_in_example2.go:20.12,21.21 1 0
golang/examples/codepractice/fan_in_example2.go:21.21,24.4 2 0
golang/examples/codepractice/fan_in_example2.go:29.56,31.12 2 0
golang/examples/codepractice/fan_in_example2.go:36.2,36.12 1 0
golang/examples/codepractice/fan_in_example2.go:41.2,41.10 1 0
golang/examples/codepractice/fan_in_example2.go:31.12,32.7 1 0
golang/examples/codepractice/fan_in_example2.go:32.7,34.4 1 0
golang/examples/codepractice/fan_in_example2.go:36.12,37.7 1 0
golang/examples/codepractice/fan_in_example2.go:37.7,39.4 1 0
golang/examples/codepractice/reverse.go:3.32,6.2 1 1
golang/examples/codepractice/FileOperations.go:9.32,12.16 2 0
golang/examples/codepractice/FileOperations.go:16.2,16.28 1 0
golang/examples/codepractice/FileOperations.go:12.16,14.3 1 0
golang/examples/codepractice/FileOperations.go:16.28,18.17 2 0
golang/examples/codepractice/FileOperations.go:18.17,20.4 1 0
golang/examples/codepractice/FileOperations.go:31.45,34.16 2 0
golang/examples/codepractice/FileOperations.go:37.2,37.28 1 0
golang/examples/codepractice/FileOperations.go:34.16,36.3 1 0
golang/examples/codepractice/FileOperations.go:37.28,39.17 2 0
golang/examples/codepractice/FileOperations.go:39.17,41.4 1 0
golang/examples/codepractice/FileOperations.go:45.34,48.16 2 0
golang/examples/codepractice/FileOperations.go:51.2,55.16 3 0
golang/examples/codepractice/FileOperations.go:58.2,58.21 1 0
golang/examples/codepractice/FileOperations.go:48.16,50.3 1 0
golang/examples/codepractice/FileOperations.go:55.16,57.3 1 0
golang/examples/codepractice/FunctionsAsTypes.go:5.13,8.14 1 0
golang/examples/codepractice/FunctionsAsTypes.go:12.2,12.28 1 0
golang/examples/codepractice/FunctionsAsTypes.go:17.2,23.31 6 0
golang/examples/codepractice/FunctionsAsTypes.go:8.14,10.3 1 0
golang/examples/codepractice/FunctionsAsTypes.go:12.28,15.3 2 0
golang/examples/codepractice/FunctionsAsTypes.go:28.37,31.20 3 0
golang/examples/codepractice/FunctionsAsTypes.go:31.20,35.3 3 0
golang/examples/codepractice/FunctionsAsTypes.go:40.36,41.24 1 0
golang/examples/codepractice/FunctionsAsTypes.go:44.2,44.8 1 0
golang/examples/codepractice/FunctionsAsTypes.go:41.24,43.3 1 0
golang/examples/codepractice/FunctionsAsTypes.go:47.51,50.25 2 0
golang/examples/codepractice/FunctionsAsTypes.go:55.2,55.19 1 0
golang/examples/codepractice/FunctionsAsTypes.go:50.25,51.17 1 0
golang/examples/codepractice/FunctionsAsTypes.go:51.17,53.4 1 0
golang/examples/codepractice/FunctionsAsTypes.go:58.18,60.2 1 0
golang/examples/codepractice/FunctionsAsTypes.go:62.20,66.2 3 0
golang/examples/codepractice/FunctionsAsTypes.go:69.20,80.2 8 0
golang/examples/codepractice/fan_in_example.go:8.18,18.23 6 0
golang/examples/codepractice/fan_in_example.go:22.2,22.38 1 0
golang/examples/codepractice/fan_in_example.go:18.23,20.3 1 0
golang/examples/codepractice/fan_in_example.go:25.29,26.26 1 0
golang/examples/codepractice/fan_in_example.go:33.2,34.10 2 0
golang/examples/codepractice/fan_in_example.go:26.26,27.15 1 0
golang/examples/codepractice/fan_in_example.go:27.15,29.4 1 0
golang/examples/codepractice/fan_in_example.go:29.9,31.4 1 0
golang/examples/codepractice/fan_in_example.go:37.50,40.12 3 0
golang/examples/codepractice/fan_in_example.go:47.2,47.12 1 0
golang/examples/codepractice/fan_in_example.go:53.2,54.14 2 0
golang/examples/codepractice/fan_in_example.go:40.12,41.20 1 0
golang/examples/codepractice/fan_in_example.go:44.3,44.12 1 0
golang/examples/codepractice/fan_in_example.go:41.20,43.4 1 0
golang/examples/codepractice/fan_in_example.go:47.12,48.20 1 0
golang/examples/codepractice/fan_in_example.go:51.3,51.12 1 0
golang/examples/codepractice/fan_in_example.go:48.20,50.4 1 0
golang/examples/codepractice/pointer_example.go:5.23,29.2 14 0
golang/examples/codepractice/structs_interface_example.go:13.39,16.2 2 0
golang/examples/codepractice/structs_interface_example.go:22.39,25.2 2 0
golang/examples/codepractice/structs_interface_example.go:27.32,29.2 1 0
golang/examples/codepractice/structs_interface_example.go:31.29,38.2 4 0
golang/examples/codepractice/ReadingFiles.go:13.32,15.16 2 0
golang/examples/codepractice/ReadingFiles.go:18.2,18.27 1 0
golang/examples/codepractice/ReadingFiles.go:15.16,17.3 1 0
golang/examples/codepractice/ReadingFiles.go:21.42,24.16 2 0
golang/examples/codepractice/ReadingFiles.go:27.2,35.21 3 0
golang/examples/codepractice/ReadingFiles.go:38.2,38.38 1 0
golang/examples/codepractice/ReadingFiles.go:24.16,26.3 1 0
golang/examples/codepractice/ReadingFiles.go:35.21,37.3 1 0
golang/examples/codepractice/ReadingFiles.go:38.38,40.3 1 0
golang/examples/codepractice/ReadingFiles.go:46.55,48.16 2 0
golang/examples/codepractice/ReadingFiles.go:51.2,56.6 3 0
golang/examples/codepractice/ReadingFiles.go:48.16,50.3 1 0
golang/examples/codepractice/ReadingFiles.go:56.6,58.17 2 0
golang/examples/codepractice/ReadingFiles.go:64.3,64.39 1 0
golang/examples/codepractice/ReadingFiles.go:58.17,59.30 1 0
golang/examples/codepractice/ReadingFiles.go:62.4,62.18 1 0
golang/examples/codepractice/ReadingFiles.go:59.30,60.10 1 0
golang/examples/codepractice/dereferencePointer.go:10.44,15.2 2 0
golang/examples/codepractice/dereferencePointer.go:24.13,29.2 4 0
